Command line:
   stimulus_isim_beh.exe
     -simmode  gui
     -simrunnum  0
     -socket  52807

Thu Oct 29 23:14:17 2015


 Elaboration Time: 0.03125 sec

 Current Memory Usage: 841.179 Meg

 Total Signals          : 18
 Total Nets             : 17
 Total Signal Drivers   : 9
 Total Blocks           : 3
 Total Primitive Blocks : 2
 Total Processes        : 12
 Total Traceable Variables  : 22
 Total Scalar Nets and Variables : 132
Total Line Count : 25

 Total Simulation Time: 0.03125 sec

 Current Memory Usage: 841.179 Meg

Thu Oct 29 23:14:29 2015

