#:C39    
#Xilinx FPGA Editor Command Log File
#Editor Version:
#:V   NT M2.1 P.20131013
#Current Working Directory:
#:D   D:\GitHub\Handwriting_recognition_using_neural_nets_on_FPGA\Xilinx_projects\Multistages
#Date/Time:
#:T   Fri Oct 30 17:33:29 2015
#------------------------------
	#Reading Multistages.ncd...
	#Loading device for application Rf_Device from file '3s100e.nph' in environment C:\Xilinx\14.7\ISE_DS\ISE\.
	#   "Multistages" is an NCD, version 3.2, device xc3s100e, package cp132, speed -4
	#Design creation date: 2015.10.30.11.59.13
	#Building chip graphics...
	#Loading speed info...
	#1
setattr main edit-mode no-logic-changes
	#2
setattr main disable_draw on
	#3
setattr layer components view off
	#4
setattr main disable_draw off
	#Hint: change the visibility of more than one layer at a time by clicking on the apply button, clicking two or more layer buttons, and then clicking on the apply button again.
	#5
unselect -all
	#6
select comp 'sum_1_OBUF'
	#comp "sum_1_OBUF",  site "SLICE_X0Y29",  type = SLICEL  (RPM grid X5Y31)
	#7
unselect -all
	#8
select comp 'sum_1_OBUF'
	#comp "sum_1_OBUF",  site "SLICE_X0Y29",  type = SLICEL  (RPM grid X5Y31)
	#9
post attr
	#10
unpost comp "sum_1_OBUF"
	#11
unselect -all
	#12
select comp 'sum_1_OBUF'
	#comp "sum_1_OBUF",  site "SLICE_X0Y29",  type = SLICEL  (RPM grid X5Y31)
	#13
unselect -all
	#14
select comp 'sum_1_OBUF'
	#comp "sum_1_OBUF",  site "SLICE_X0Y29",  type = SLICEL  (RPM grid X5Y31)
	#15
unselect -all
	#16
select comp 'sum_1_OBUF'
	#comp "sum_1_OBUF",  site "SLICE_X0Y29",  type = SLICEL  (RPM grid X5Y31)
	#17
post block
	#<FFX>.
	#<SYNC_ATTR>.
	#<SYNC_ATTR>.
	#<F>=(((~A3*A1)+(A3*(A4@A1)))@A2); bel <s1/Mxor_s_xo<0>1>.
	#<G>=(A3@A4); bel <s0/Mxor_s_xo<0>1>.
	#<CYMUXG>.
	#<CYMUXF>.
	#<CYMUXF>.
	#<CYMUXF>.
	#<CYSELF>.
	#<CY0F>.
	#18
unselect -all
	#19
select comp 'b<2>'
	#comp "b<2>",  site "D2",  bonded type = IBUF,  pad name = PAD101,  pin name = D2  (RPM grid X1Y34)
	#20
unselect -all
	#21
select comp 'b<2>'
	#comp "b<2>",  site "D2",  bonded type = IBUF,  pad name = PAD101,  pin name = D2  (RPM grid X1Y34)
	#22
unselect -all
	#23
select comp 'b<2>'
	#comp "b<2>",  site "D2",  bonded type = IBUF,  pad name = PAD101,  pin name = D2  (RPM grid X1Y34)
	#24
post block
	#25
unselect -all
	#26
unselect -all
	#27
unselect -all
	#28
unselect -all
	#29
unselect -all
	#30
unselect -all
	#31
unselect -all
	#32
unselect -all
	#33
unselect -all
	#34
unselect -all
	#35
unselect -all
	#36
unselect -all
	#37
unselect -all
	#38
select comp 'b<2>'
	#comp "b<2>",  site "D2",  bonded type = IBUF,  pad name = PAD101,  pin name = D2  (RPM grid X1Y34)
	#39
unselect -all
	#40
select comp 'b<2>'
