--------------------------------------------------------------------------------
Release 14.7 Trace  (nt64)
Copyright (c) 1995-2013 Xilinx, Inc.  All rights reserved.

C:\Xilinx\14.7\ISE_DS\ISE\bin\nt64\unwrapped\trce.exe
D:\GitHub\Handwriting_recognition_using_neural_nets_on_FPGA\Xilinx_projects\Multistages\smartxplorer_results\run1\Multistages.ncd
D:\GitHub\Handwriting_recognition_using_neural_nets_on_FPGA\Xilinx_projects\Multistages\smartxplorer_results\run1\Multistages.pcf
-xml
D:\GitHub\Handwriting_recognition_using_neural_nets_on_FPGA\Xilinx_projects\Multistages\smartxplorer_results\run1\Multistages.twx
-v 3 -s 4 -n 3 -fastpaths -ucf Multistages.ucf -o
D:\GitHub\Handwriting_recognition_using_neural_nets_on_FPGA\Xilinx_projects\Multistages\smartxplorer_results\run1\Multistages.twr

Design file:              Multistages.ncd
Physical constraint file: Multistages.pcf
Device,package,speed:     xc3s100e,cp132,-4 (PRODUCTION 1.27 2013-10-13)
Report level:             verbose report

Environment Variable      Effect 
--------------------      ------ 
NONE                      No environment variables were set
--------------------------------------------------------------------------------

INFO:Timing:2698 - No timing constraints found, doing default enumeration.
INFO:Timing:3412 - To improve timing, see the Timing Closure User Guide (UG612).
INFO:Timing:2752 - To get complete path coverage, use the unconstrained paths 
   option. All paths that are not constrained will be reported in the 
   unconstrained paths section(s) of the report.
INFO:Timing:3339 - The clock-to-out numbers in this timing report are based on 
   a 50 Ohm transmission line loading model.  For the details of this model, 
   and for more information on accounting for different loading conditions, 
   please see the device datasheet.
INFO:Timing:3390 - This architecture does not support a default System Jitter 
   value, please add SYSTEM_JITTER constraint to the UCF to modify the Clock 
   Uncertainty calculation.
INFO:Timing:3389 - This architecture does not support 'Discrete Jitter' and 
   'Phase Error' calculations, these terms will be zero in the Clock 
   Uncertainty calculation.  Please make appropriate modification to 
   SYSTEM_JITTER to account for the unsupported Discrete Jitter and Phase 
   Error.



Data Sheet report:
-----------------
All values displayed in nanoseconds (ns)

Pad to Pad
---------------+---------------+---------+
Source Pad     |Destination Pad|  Delay  |
---------------+---------------+---------+
a<0>           |carry          |    8.784|
a<0>           |sum<0>         |    6.069|
a<0>           |sum<1>         |    7.213|
a<0>           |sum<2>         |    8.053|
a<0>           |sum<3>         |    8.245|
a<1>           |carry          |    8.306|
a<1>           |sum<1>         |    6.571|
a<1>           |sum<2>         |    7.575|
a<1>           |sum<3>         |    7.767|
a<2>           |carry          |    7.665|
a<2>           |sum<2>         |    6.946|
a<2>           |sum<3>         |    7.126|
a<3>           |carry          |    6.746|
a<3>           |sum<3>         |    6.138|
b<0>           |carry          |    8.807|
b<0>           |sum<0>         |    6.000|
b<0>           |sum<1>         |    7.127|
b<0>           |sum<2>         |    8.076|
b<0>           |sum<3>         |    8.268|
b<1>           |carry          |    8.348|
b<1>           |sum<1>         |    6.820|
b<1>           |sum<2>         |    7.617|
b<1>           |sum<3>         |    7.809|
b<2>           |carry          |    7.767|
b<2>           |sum<2>         |    7.215|
b<2>           |sum<3>         |    7.228|
b<3>           |carry          |    6.930|
b<3>           |sum<3>         |    6.399|
---------------+---------------+---------+


Analysis completed Fri Oct 30 18:52:12 2015 
--------------------------------------------------------------------------------

Trace Settings:
-------------------------
Trace Settings 

Peak Memory Usage: 151 MB



